Last called ranged_align.py at 2021-11-04 11:30:04.820981 with args :
	src_struct       = 6Z6J
	tgt_struct       = 6Y0G
	src_auth_asym_id = LL
	tgt_auth_asym_id = LL
	rstart , rend 	 = 20-30
	

ranged_super.py returned 

	paths     : 

	chain1    : /home/rxz/dev/riboxyzbackend/ribetl/static/6Z6J/CHAINS/6Z6J_STRAND_LL.cif,
	chain2    : /home/rxz/dev/riboxyzbackend/ribetl/static/6Y0G/CHAINS/6Y0G_STRAND_LL.cif,

	source_range: (20, 29),
	target_range: (19, 28),

	
Last called ranged_align.py at 2021-11-04 11:31:18.616170 with args :
	src_struct       = 6Z6J
	tgt_struct       = 6Y0G
	src_auth_asym_id = LL
	tgt_auth_asym_id = LL
	rstart , rend 	 = 20-30
	

ranged_super.py returned 

	paths     : 

	chain1    : /home/rxz/dev/riboxyzbackend/ribetl/static/6Z6J/CHAINS/6Z6J_STRAND_LL.cif,
	chain2    : /home/rxz/dev/riboxyzbackend/ribetl/static/6Y0G/CHAINS/6Y0G_STRAND_LL.cif,

	source_range: (20, 29),
	target_range: (19, 28),

	
Last called ranged_align.py at 2021-11-04 11:31:21.801790 with args :
	src_struct       = 6Z6J
	tgt_struct       = 6Y0G
	src_auth_asym_id = LL
	tgt_auth_asym_id = LL
	rstart , rend 	 = 40-60
	

ranged_super.py returned 

	paths     : 

	chain1    : /home/rxz/dev/riboxyzbackend/ribetl/static/6Z6J/CHAINS/6Z6J_STRAND_LL.cif,
	chain2    : /home/rxz/dev/riboxyzbackend/ribetl/static/6Y0G/CHAINS/6Y0G_STRAND_LL.cif,

	source_range: (40, 59),
	target_range: (38, 59),

	
Last called ranged_align.py at 2021-11-04 11:31:44.572826 with args :
	src_struct       = 6Z6J
	tgt_struct       = 6Y0G
	src_auth_asym_id = LL
	tgt_auth_asym_id = LL
	rstart , rend 	 = 40-60
	

ranged_super.py returned 

	paths     : 

	chain1    : /home/rxz/dev/riboxyzbackend/ribetl/static/6Z6J/CHAINS/6Z6J_STRAND_LL.cif,
	chain2    : /home/rxz/dev/riboxyzbackend/ribetl/static/6Y0G/CHAINS/6Y0G_STRAND_LL.cif,

	source_range: (40, 59),
	target_range: (38, 59),

	
Last called ranged_align.py at 2021-11-04 11:33:00.644905 with args :
	src_struct       = 6Z6J
	tgt_struct       = 6Y0G
	src_auth_asym_id = LL
	tgt_auth_asym_id = LL
	rstart , rend 	 = 40-60
	

ranged_super.py returned 

	paths     : 

	chain1    : /home/rxz/dev/riboxyzbackend/ribetl/static/6Z6J/CHAINS/6Z6J_STRAND_LL.cif,
	chain2    : /home/rxz/dev/riboxyzbackend/ribetl/static/6Y0G/CHAINS/6Y0G_STRAND_LL.cif,

	source_range: (40, 59),
	target_range: (38, 59),

	
Last called ranged_align.py at 2021-11-04 11:35:15.540501 with args :
	src_struct       = 6Z6J
	tgt_struct       = 6Y0G
	src_auth_asym_id = LL
	tgt_auth_asym_id = LL
	rstart , rend 	 = 40-60
	

ranged_super.py returned 

	paths     : 

	chain1    : /home/rxz/dev/riboxyzbackend/ribetl/static/6Z6J/CHAINS/6Z6J_STRAND_LL.cif,
	chain2    : /home/rxz/dev/riboxyzbackend/ribetl/static/6Y0G/CHAINS/6Y0G_STRAND_LL.cif,

	source_range: (40, 59),
	target_range: (38, 59),

	
Last called ranged_align.py at 2021-11-04 11:39:24.012896 with args :
	src_struct       = 6Z6J
	tgt_struct       = 6Y0G
	src_auth_asym_id = LL
	tgt_auth_asym_id = LL
	rstart , rend 	 = 40-60
	

ranged_super.py returned 

	paths     : 

	chain1    : /home/rxz/dev/riboxyzbackend/ribetl/static/6Z6J/CHAINS/6Z6J_STRAND_LL.cif,
	chain2    : /home/rxz/dev/riboxyzbackend/ribetl/static/6Y0G/CHAINS/6Y0G_STRAND_LL.cif,

	source_range: (40, 59),
	target_range: (38, 59),

	
