
ranged_super.py returned 
	paths     : 
	chain1    : /home/rxz/dev/riboxyzbackend/ribetl/static/1VY7/CHAINS/1VY7_STRAND_BF.cif,
	chain2    : /home/rxz/dev/riboxyzbackend/ribetl/static/3J7P/CHAINS/3J7P_STRAND_C.cif,
	source_range: [ 59, [170] ],
	target_range: [ 73, [278] ],

	

ranged_super.py returned 
	paths     : 
	chain1    : /home/rxz/dev/riboxyzbackend/ribetl/static/1VY7/CHAINS/1VY7_STRAND_BF.cif,
	chain2    : /home/rxz/dev/riboxyzbackend/ribetl/static/3J7P/CHAINS/3J7P_STRAND_C.cif,
	source_range: [ 59, [170] ],
	target_range: [ 73, [367] ],

	

ranged_super.py returned 
	paths     : 
	chain1    : /home/rxz/dev/riboxyzbackend/ribetl/static/1VY7/CHAINS/1VY7_STRAND_BF.cif,
	chain2    : /home/rxz/dev/riboxyzbackend/ribetl/static/3J7P/CHAINS/3J7P_STRAND_C.cif,
	source_range: [ 59, [210] ],
	target_range: [ 73, [367] ],

	

ranged_super.py returned 
	paths     : 
	chain1    : /home/rxz/dev/riboxyzbackend/ribetl/static/1VY7/CHAINS/1VY7_STRAND_BF.cif,
	chain2    : /home/rxz/dev/riboxyzbackend/ribetl/static/3J7P/CHAINS/3J7P_STRAND_C.cif,
	source_range: [ 59, [179] ],
	target_range: [ 73, [367] ],

	

ranged_super.py returned 
	paths     : 
	chain1    : /home/rxz/dev/riboxyzbackend/ribetl/static/1VY7/CHAINS/1VY7_STRAND_BF.cif,
	chain2    : /home/rxz/dev/riboxyzbackend/ribetl/static/3J7P/CHAINS/3J7P_STRAND_C.cif,
	source_range: [ 59, [210] ],
	target_range: [ 73, [367] ],

	

ranged_super.py returned 
	paths     : 
	chain1    : /home/rxz/dev/riboxyzbackend/ribetl/static/1VY7/CHAINS/1VY7_STRAND_BF.cif,
	chain2    : /home/rxz/dev/riboxyzbackend/ribetl/static/3J7P/CHAINS/3J7P_STRAND_C.cif,
	source_range: [ 46, [210] ],
	target_range: [ 73, [367] ],

	

ranged_super.py returned 
	paths     : 
	chain1    : /home/rxz/dev/riboxyzbackend/ribetl/static/1VY7/CHAINS/1VY7_STRAND_BF.cif,
	chain2    : /home/rxz/dev/riboxyzbackend/ribetl/static/3J7P/CHAINS/3J7P_STRAND_C.cif,
	source_range: [ 17, [210] ],
	target_range: [ 73, [367] ],

	

ranged_super.py returned 
	paths     : 
	chain1    : /home/rxz/dev/riboxyzbackend/ribetl/static/1VY7/CHAINS/1VY7_STRAND_BF.cif,
	chain2    : /home/rxz/dev/riboxyzbackend/ribetl/static/3J7P/CHAINS/3J7P_STRAND_C.cif,
	source_range: [ 33, [210] ],
	target_range: [ 73, [367] ],

	

ranged_super.py returned 
	paths     : 
	chain1    : /home/rxz/dev/riboxyzbackend/ribetl/static/1VY7/CHAINS/1VY7_STRAND_BF.cif,
	chain2    : /home/rxz/dev/riboxyzbackend/ribetl/static/3J7P/CHAINS/3J7P_STRAND_C.cif,
	source_range: [ 79, [210] ],
	target_range: [ 73, [367] ],

	

ranged_super.py returned 
	paths     : 
	chain1    : /home/rxz/dev/riboxyzbackend/ribetl/static/1VY7/CHAINS/1VY7_STRAND_BF.cif,
	chain2    : /home/rxz/dev/riboxyzbackend/ribetl/static/3J7P/CHAINS/3J7P_STRAND_C.cif,
	source_range: [ 79, [142] ],
	target_range: [ 73, [367] ],

	

ranged_super.py returned 
	paths     : 
	chain1    : /home/rxz/dev/riboxyzbackend/ribetl/static/1VY7/CHAINS/1VY7_STRAND_BF.cif,
	chain2    : /home/rxz/dev/riboxyzbackend/ribetl/static/3J7P/CHAINS/3J7P_STRAND_C.cif,
	source_range: [ 79, [115] ],
	target_range: [ 73, [367] ],

	

ranged_super.py returned 
	paths     : 
	chain1    : /home/rxz/dev/riboxyzbackend/ribetl/static/1VY7/CHAINS/1VY7_STRAND_BF.cif,
	chain2    : /home/rxz/dev/riboxyzbackend/ribetl/static/3J7P/CHAINS/3J7P_STRAND_C.cif,
	source_range: [ 79, [115] ],
	target_range: [ 119, [367] ],

	

ranged_super.py returned 
	paths     : 
	chain1    : /home/rxz/dev/riboxyzbackend/ribetl/static/1VY7/CHAINS/1VY7_STRAND_BF.cif,
	chain2    : /home/rxz/dev/riboxyzbackend/ribetl/static/3J7P/CHAINS/3J7P_STRAND_C.cif,
	source_range: [ 79, [115] ],
	target_range: [ 61, [367] ],

	

ranged_super.py returned 
	paths     : 
	chain1    : /home/rxz/dev/riboxyzbackend/ribetl/static/1VY7/CHAINS/1VY7_STRAND_BF.cif,
	chain2    : /home/rxz/dev/riboxyzbackend/ribetl/static/3J7P/CHAINS/3J7P_STRAND_C.cif,
	source_range: [ 79, [115] ],
	target_range: [ 38, [367] ],

	

ranged_super.py returned 
	paths     : 
	chain1    : /home/rxz/dev/riboxyzbackend/ribetl/static/1VY7/CHAINS/1VY7_STRAND_BF.cif,
	chain2    : /home/rxz/dev/riboxyzbackend/ribetl/static/3J7P/CHAINS/3J7P_STRAND_C.cif,
	source_range: [ 79, [115] ],
	target_range: [ 38, [228] ],

	

ranged_super.py returned 
	paths     : 
	chain1    : /home/rxz/dev/riboxyzbackend/ribetl/static/1VY7/CHAINS/1VY7_STRAND_BF.cif,
	chain2    : /home/rxz/dev/riboxyzbackend/ribetl/static/3J7P/CHAINS/3J7P_STRAND_C.cif,
	source_range: [ 79, [115] ],
	target_range: [ 0, [367] ],

	

ranged_super.py returned 
	paths     : 
	chain1    : /home/rxz/dev/riboxyzbackend/ribetl/static/1VY7/CHAINS/1VY7_STRAND_BF.cif,
	chain2    : /home/rxz/dev/riboxyzbackend/ribetl/static/3J7P/CHAINS/3J7P_STRAND_C.cif,
	source_range: [ 37, [210] ],
	target_range: [ 0, [367] ],

	

ranged_super.py returned 
	paths     : 
	chain1    : /home/rxz/dev/riboxyzbackend/ribetl/static/1VY7/CHAINS/1VY7_STRAND_BF.cif,
	chain2    : /home/rxz/dev/riboxyzbackend/ribetl/static/3J7P/CHAINS/3J7P_STRAND_C.cif,
	source_range: [ 0, [210] ],
	target_range: [ 0, [367] ],

	

ranged_super.py returned 
	paths     : 
	chain1    : /home/rxz/dev/riboxyzbackend/ribetl/static/1VY7/CHAINS/1VY7_STRAND_BF.cif,
	chain2    : /home/rxz/dev/riboxyzbackend/ribetl/static/3J7P/CHAINS/3J7P_STRAND_C.cif,
	source_range: [ 153, [210] ],
	target_range: [ 0, [367] ],

	

ranged_super.py returned 
	paths     : 
	chain1    : /home/rxz/dev/riboxyzbackend/ribetl/static/1VY7/CHAINS/1VY7_STRAND_BF.cif,
	chain2    : /home/rxz/dev/riboxyzbackend/ribetl/static/3J7P/CHAINS/3J7P_STRAND_C.cif,
	source_range: [ 0, [210] ],
	target_range: [ 0, [367] ],

	

ranged_super.py returned 
	paths     : 
	chain1    : /home/rxz/dev/riboxyzbackend/ribetl/static/1VY7/CHAINS/1VY7_STRAND_BF.cif,
	chain2    : /home/rxz/dev/riboxyzbackend/ribetl/static/3J7P/CHAINS/3J7P_STRAND_C.cif,
	source_range: [ 0, [210] ],
	target_range: [ 0, [80] ],

	

ranged_super.py returned 
	paths     : 
	chain1    : /home/rxz/dev/riboxyzbackend/ribetl/static/3J9Y/CHAINS/3J9Y_STRAND_P.cif,
	chain2    : /home/rxz/dev/riboxyzbackend/ribetl/static/6V3D/CHAINS/6V3D_STRAND_O.cif,
	source_range: [ 0, [115] ],
	target_range: [ 0, [122] ],

	

ranged_super.py returned 
	paths     : 
	chain1    : /home/rxz/dev/riboxyzbackend/ribetl/static/3J9Y/CHAINS/3J9Y_STRAND_P.cif,
	chain2    : /home/rxz/dev/riboxyzbackend/ribetl/static/6V3D/CHAINS/6V3D_STRAND_O.cif,
	source_range: [ 15, [54] ],
	target_range: [ 0, [122] ],

	

ranged_super.py returned 
	paths     : 
	chain1    : /home/rxz/dev/riboxyzbackend/ribetl/static/3J9Y/CHAINS/3J9Y_STRAND_P.cif,
	chain2    : /home/rxz/dev/riboxyzbackend/ribetl/static/6V3D/CHAINS/6V3D_STRAND_O.cif,
	source_range: [ 15, [54] ],
	target_range: [ 72, [122] ],

	

ranged_super.py returned 
	paths     : 
	chain1    : /home/rxz/dev/riboxyzbackend/ribetl/static/3J9Y/CHAINS/3J9Y_STRAND_P.cif,
	chain2    : /home/rxz/dev/riboxyzbackend/ribetl/static/6V3D/CHAINS/6V3D_STRAND_O.cif,
	source_range: [ 0, [115] ],
	target_range: [ 0, [122] ],

	

ranged_super.py returned 
	paths     : 
	chain1    : /home/rxz/dev/riboxyzbackend/ribetl/static/3J9M/CHAINS/3J9M_STRAND_s.cif,
	chain2    : /home/rxz/dev/riboxyzbackend/ribetl/static/4LEL/CHAINS/4LEL_STRAND_Y9.cif,
	source_range: [ 0, 439 ],
	target_range: [ 0, 37 ],
	

ranged_super.py returned 
	paths     : 
	chain1    : /home/rxz/dev/riboxyzbackend/ribetl/static/3J9M/CHAINS/3J9M_STRAND_I.cif,
	chain2    : /home/rxz/dev/riboxyzbackend/ribetl/static/4LEL/CHAINS/4LEL_STRAND_YP.cif,
	source_range: [ 0, 261 ],
	target_range: [ 0, 150 ],
	
