
ranged_super.py returned 
	paths     : 
	chain1    : /home/rxz/dev/riboxyzbackend/ribetl/static/3J7Z/CHAINS/3J7Z_STRAND_E.cif,
	chain2    : /home/rxz/dev/riboxyzbackend/ribetl/static/4UG0/CHAINS/4UG0_STRAND_LC.cif,
	source_range: [ 10, [41] ],
	target_range: [ 13, [54] ],

	

ranged_super.py returned 
	paths     : 
	chain1    : /home/rxz/dev/riboxyzbackend/ribetl/static/3J7Z/CHAINS/3J7Z_STRAND_E.cif,
	chain2    : /home/rxz/dev/riboxyzbackend/ribetl/static/4UG0/CHAINS/4UG0_STRAND_LC.cif,
	source_range: [ 73, [117] ],
	target_range: [ 136, [200] ],

	

ranged_super.py returned 
	paths     : 
	chain1    : /home/rxz/dev/riboxyzbackend/ribetl/static/3J7Z/CHAINS/3J7Z_STRAND_E.cif,
	chain2    : /home/rxz/dev/riboxyzbackend/ribetl/static/4UG0/CHAINS/4UG0_STRAND_LC.cif,
	source_range: [ 73, [117] ],
	target_range: [ 136, [200] ],

	

ranged_super.py returned 
	paths     : 
	chain1    : /home/rxz/dev/riboxyzbackend/ribetl/static/3J7Z/CHAINS/3J7Z_STRAND_E.cif,
	chain2    : /home/rxz/dev/riboxyzbackend/ribetl/static/4UG0/CHAINS/4UG0_STRAND_LC.cif,
	source_range: [ 129, [164] ],
	target_range: [ 248, [377] ],

	

ranged_super.py returned 
	paths     : 
	chain1    : /home/rxz/dev/riboxyzbackend/ribetl/static/3J7Z/CHAINS/3J7Z_STRAND_E.cif,
	chain2    : /home/rxz/dev/riboxyzbackend/ribetl/static/4UG0/CHAINS/4UG0_STRAND_LC.cif,
	source_range: [ 129, [164] ],
	target_range: [ 248, [377] ],

	

ranged_super.py returned 
	paths     : 
	chain1    : /home/rxz/dev/riboxyzbackend/ribetl/static/3J7Z/CHAINS/3J7Z_STRAND_E.cif,
	chain2    : /home/rxz/dev/riboxyzbackend/ribetl/static/4UG0/CHAINS/4UG0_STRAND_LC.cif,
	source_range: [ 129, [164] ],
	target_range: [ 367, [408] ],

	

ranged_super.py returned 
	paths     : 
	chain1    : /home/rxz/dev/riboxyzbackend/ribetl/static/3J7Z/CHAINS/3J7Z_STRAND_E.cif,
	chain2    : /home/rxz/dev/riboxyzbackend/ribetl/static/4UG0/CHAINS/4UG0_STRAND_LC.cif,
	source_range: [ 129, [197] ],
	target_range: [ 367, [427] ],

	

ranged_super.py returned 
	paths     : 
	chain1    : /home/rxz/dev/riboxyzbackend/ribetl/static/3J7Z/CHAINS/3J7Z_STRAND_E.cif,
	chain2    : /home/rxz/dev/riboxyzbackend/ribetl/static/4UG0/CHAINS/4UG0_STRAND_LC.cif,
	source_range: [ 88, [151] ],
	target_range: [ 98, [220] ],

	

ranged_super.py returned 
	paths     : 
	chain1    : /home/rxz/dev/riboxyzbackend/ribetl/static/3J7Z/CHAINS/3J7Z_STRAND_E.cif,
	chain2    : /home/rxz/dev/riboxyzbackend/ribetl/static/4UG0/CHAINS/4UG0_STRAND_LC.cif,
	source_range: [ 64, [132] ],
	target_range: [ 138, [264] ],

	

ranged_super.py returned 
	paths     : 
	chain1    : /home/rxz/dev/riboxyzbackend/ribetl/static/3J7Z/CHAINS/3J7Z_STRAND_E.cif,
	chain2    : /home/rxz/dev/riboxyzbackend/ribetl/static/4UG0/CHAINS/4UG0_STRAND_LC.cif,
	source_range: [ 14, [71] ],
	target_range: [ 21, [82] ],

	

ranged_super.py returned 
	paths     : 
	chain1    : /home/rxz/dev/riboxyzbackend/ribetl/static/3J7Z/CHAINS/3J7Z_STRAND_E.cif,
	chain2    : /home/rxz/dev/riboxyzbackend/ribetl/static/4UG0/CHAINS/4UG0_STRAND_LC.cif,
	source_range: [ 28, [79] ],
	target_range: [ 99, [261] ],

	
